[1216/032701.465:ERROR:process_memory_win.cc(73)] ReadMemory at 0x1f78b660000 of 64 bytes failed: ReadProcessMemory veya WriteProcessMemory isteðinin sadece bir parçasý tamamlandý. (0x12B)
[1216/032701.466:WARNING:pe_image_reader.cc(340)] could not read dos header from C:\WINDOWS\System32\IMM32.DLL
[1216/032701.466:ERROR:process_memory_win.cc(73)] ReadMemory at 0x1f78b660000 of 64 bytes failed: ReadProcessMemory veya WriteProcessMemory isteðinin sadece bir parçasý tamamlandý. (0x12B)
[1216/032701.467:WARNING:pe_image_reader.cc(340)] could not read dos header from C:\WINDOWS\System32\IMM32.DLL
[1216/032701.467:ERROR:process_memory_win.cc(73)] ReadMemory at 0x1f78b252db0 of 6656 bytes failed: ReadProcessMemory veya WriteProcessMemory isteðinin sadece bir parçasý tamamlandý. (0x12B)
[1216/032701.467:ERROR:process_snapshot_win.cc(322)] failed to read unloaded module data
[1216/032701.470:ERROR:process_memory_win.cc(73)] ReadMemory at 0x1f78b660000 of 64 bytes failed: ReadProcessMemory veya WriteProcessMemory isteðinin sadece bir parçasý tamamlandý. (0x12B)
[1216/032701.470:WARNING:pe_image_reader.cc(340)] could not read dos header from C:\WINDOWS\System32\IMM32.DLL
[1216/032701.471:ERROR:process_memory_win.cc(73)] ReadMemory at 0x1f78b717ef0 of 72 bytes failed: ReadProcessMemory veya WriteProcessMemory isteðinin sadece bir parçasý tamamlandý. (0x12B)
[1216/032701.471:WARNING:pe_image_annotations_reader.cc(134)] could not read annotations list object in C:\Program Files (x86)\Google\Chrome\Application\79.0.3945.79\chrome_elf.dll
[1216/032701.471:ERROR:process_memory_win.cc(73)] ReadMemory at 0x1f78b5651a0 of 72 bytes failed: ReadProcessMemory veya WriteProcessMemory isteðinin sadece bir parçasý tamamlandý. (0x12B)
[1216/032701.471:WARNING:pe_image_annotations_reader.cc(134)] could not read annotations list object in C:\Program Files (x86)\Google\Chrome\Application\79.0.3945.79\chrome_child.dll
[1216/032701.472:ERROR:process_memory_win.cc(73)] ReadMemory at 0x1f78b660000 of 64 bytes failed: ReadProcessMemory veya WriteProcessMemory isteðinin sadece bir parçasý tamamlandý. (0x12B)
[1216/032701.472:WARNING:pe_image_reader.cc(340)] could not read dos header from C:\WINDOWS\System32\IMM32.DLL
[1216/032701.473:ERROR:process_memory_win.cc(73)] ReadMemory at 0x1f78b660000 of 64 bytes failed: ReadProcessMemory veya WriteProcessMemory isteðinin sadece bir parçasý tamamlandý. (0x12B)
[1216/032701.473:WARNING:pe_image_reader.cc(340)] could not read dos header from C:\WINDOWS\System32\IMM32.DLL
[1216/032701.542:ERROR:process_memory_win.cc(73)] ReadMemory at 0x7ff6cbbb0000 of 64 bytes failed: ReadProcessMemory veya WriteProcessMemory isteðinin sadece bir parçasý tamamlandý. (0x12B)
[1216/032701.542:WARNING:pe_image_reader.cc(340)] could not read dos header from C:\Program Files (x86)\Google\Chrome\Application\chrome.exe
[1216/032701.542:ERROR:process_memory_win.cc(73)] ReadMemory at 0x7ffd10040000 of 64 bytes failed: ReadProcessMemory veya WriteProcessMemory isteðinin sadece bir parçasý tamamlandý. (0x12B)
[1216/032701.542:WARNING:pe_image_reader.cc(340)] could not read dos header from C:\WINDOWS\SYSTEM32\ntdll.dll
[1216/032701.542:ERROR:process_memory_win.cc(73)] ReadMemory at 0x7ffd0f170000 of 64 bytes failed: ReadProcessMemory veya WriteProcessMemory isteðinin sadece bir parçasý tamamlandý. (0x12B)
[1216/032701.542:WARNING:pe_image_reader.cc(340)] could not read dos header from C:\WINDOWS\System32\KERNEL32.DLL
[1216/032701.542:ERROR:process_memory_win.cc(73)] ReadMemory at 0x7ffd0d2f0000 of 64 bytes failed: ReadProcessMemory veya WriteProcessMemory isteðinin sadece bir parçasý tamamlandý. (0x12B)
[1216/032701.542:WARNING:pe_image_reader.cc(340)] could not read dos header from C:\WINDOWS\System32\KERNELBASE.dll
[1216/032701.542:ERROR:process_memory_win.cc(73)] ReadMemory at 0x7ffce9e90000 of 64 bytes failed: ReadProcessMemory veya WriteProcessMemory isteðinin sadece bir parçasý tamamlandý. (0x12B)
[1216/032701.542:WARNING:pe_image_reader.cc(340)] could not read dos header from C:\Program Files (x86)\Google\Chrome\Application\79.0.3945.79\chrome_elf.dll
[1216/032701.542:ERROR:process_memory_win.cc(73)] ReadMemory at 0x7ffd02d20000 of 64 bytes failed: ReadProcessMemory veya WriteProcessMemory isteðinin sadece bir parçasý tamamlandý. (0x12B)
[1216/032701.542:WARNING:pe_image_reader.cc(340)] could not read dos header from C:\WINDOWS\SYSTEM32\VERSION.dll
[1216/032701.542:ERROR:process_memory_win.cc(73)] ReadMemory at 0x7ffd0fd40000 of 64 bytes failed: ReadProcessMemory veya WriteProcessMemory isteðinin sadece bir parçasý tamamlandý. (0x12B)
[1216/032701.542:WARNING:pe_image_reader.cc(340)] could not read dos header from C:\WINDOWS\System32\msvcrt.dll
[1216/032701.542:ERROR:process_memory_win.cc(73)] ReadMemory at 0x7ffd0d170000 of 64 bytes failed: ReadProcessMemory veya WriteProcessMemory isteðinin sadece bir parçasý tamamlandý. (0x12B)
[1216/032701.542:WARNING:pe_image_reader.cc(340)] could not read dos header from C:\WINDOWS\System32\bcryptPrimitives.dll
[1216/032701.543:ERROR:process_memory_win.cc(73)] ReadMemory at 0x7ffd0ee00000 of 64 bytes failed: ReadProcessMemory veya WriteProcessMemory isteðinin sadece bir parçasý tamamlandý. (0x12B)
[1216/032701.543:WARNING:pe_image_reader.cc(340)] could not read dos header from C:\WINDOWS\System32\ADVAPI32.dll
[1216/032701.543:ERROR:process_memory_win.cc(73)] ReadMemory at 0x7ffd0f9f0000 of 64 bytes failed: ReadProcessMemory veya WriteProcessMemory isteðinin sadece bir parçasý tamamlandý. (0x12B)
[1216/032701.543:WARNING:pe_image_reader.cc(340)] could not read dos header from C:\WINDOWS\System32\sechost.dll
[1216/032701.543:ERROR:process_memory_win.cc(73)] ReadMemory at 0x7ffd0e0f0000 of 64 bytes failed: ReadProcessMemory veya WriteProcessMemory isteðinin sadece bir parçasý tamamlandý. (0x12B)
[1216/032701.543:WARNING:pe_image_reader.cc(340)] could not read dos header from C:\WINDOWS\System32\RPCRT4.dll
[1216/032701.543:ERROR:process_memory_win.cc(73)] ReadMemory at 0x7ffc9cb20000 of 64 bytes failed: ReadProcessMemory veya WriteProcessMemory isteðinin sadece bir parçasý tamamlandý. (0x12B)
[1216/032701.543:WARNING:pe_image_reader.cc(340)] could not read dos header from C:\Program Files (x86)\Google\Chrome\Application\79.0.3945.79\chrome_child.dll
[1216/032701.543:ERROR:process_memory_win.cc(73)] ReadMemory at 0x7ffd0fc00000 of 64 bytes failed: ReadProcessMemory veya WriteProcessMemory isteðinin sadece bir parçasý tamamlandý. (0x12B)
[1216/032701.543:WARNING:pe_image_reader.cc(340)] could not read dos header from C:\WINDOWS\System32\OLEAUT32.dll
[1216/032701.543:ERROR:process_memory_win.cc(73)] ReadMemory at 0x7ffd0dee0000 of 64 bytes failed: ReadProcessMemory veya WriteProcessMemory isteðinin sadece bir parçasý tamamlandý. (0x12B)
[1216/032701.543:WARNING:pe_image_reader.cc(340)] could not read dos header from C:\WINDOWS\System32\msvcp_win.dll
[1216/032701.543:ERROR:process_memory_win.cc(73)] ReadMemory at 0x7ffd0d1f0000 of 64 bytes failed: ReadProcessMemory veya WriteProcessMemory isteðinin sadece bir parçasý tamamlandý. (0x12B)
[1216/032701.543:WARNING:pe_image_reader.cc(340)] could not read dos header from C:\WINDOWS\System32\ucrtbase.dll
[1216/032701.543:ERROR:process_memory_win.cc(73)] ReadMemory at 0x7ffd0e210000 of 64 bytes failed: ReadProcessMemory veya WriteProcessMemory isteðinin sadece bir parçasý tamamlandý. (0x12B)
[1216/032701.543:WARNING:pe_image_reader.cc(340)] could not read dos header from C:\WINDOWS\System32\combase.dll
[1216/032701.543:ERROR:process_memory_win.cc(73)] ReadMemory at 0x7ffd0f980000 of 64 bytes failed: ReadProcessMemory veya WriteProcessMemory isteðinin sadece bir parçasý tamamlandý. (0x12B)
[1216/032701.543:WARNING:pe_image_reader.cc(340)] could not read dos header from C:\WINDOWS\System32\WS2_32.dll
[1216/032701.543:ERROR:process_memory_win.cc(73)] ReadMemory at 0x7ffd0d5a0000 of 64 bytes failed: ReadProcessMemory veya WriteProcessMemory isteðinin sadece bir parçasý tamamlandý. (0x12B)
[1216/032701.543:WARNING:pe_image_reader.cc(340)] could not read dos header from C:\WINDOWS\System32\WINTRUST.dll
[1216/032701.543:ERROR:process_memory_win.cc(73)] ReadMemory at 0x7ffd0cf70000 of 64 bytes failed: ReadProcessMemory veya WriteProcessMemory isteðinin sadece bir parçasý tamamlandý. (0x12B)
[1216/032701.543:WARNING:pe_image_reader.cc(340)] could not read dos header from C:\WINDOWS\System32\MSASN1.dll
[1216/032701.543:ERROR:process_memory_win.cc(73)] ReadMemory at 0x7ffd0dfa0000 of 64 bytes failed: ReadProcessMemory veya WriteProcessMemory isteðinin sadece bir parçasý tamamlandý. (0x12B)
[1216/032701.543:WARNING:pe_image_reader.cc(340)] could not read dos header from C:\WINDOWS\System32\CRYPT32.dll
[1216/032701.543:ERROR:process_memory_win.cc(73)] ReadMemory at 0x7ffd0c490000 of 64 bytes failed: ReadProcessMemory veya WriteProcessMemory isteðinin sadece bir parçasý tamamlandý. (0x12B)
[1216/032701.543:WARNING:pe_image_reader.cc(340)] could not read dos header from C:\WINDOWS\SYSTEM32\IPHLPAPI.DLL
[1216/032701.543:ERROR:process_memory_win.cc(73)] ReadMemory at 0x7ffd00e30000 of 64 bytes failed: ReadProcessMemory veya WriteProcessMemory isteðinin sadece bir parçasý tamamlandý. (0x12B)
[1216/032701.543:WARNING:pe_image_reader.cc(340)] could not read dos header from C:\WINDOWS\SYSTEM32\WINMM.dll
[1216/032701.543:ERROR:process_memory_win.cc(73)] ReadMemory at 0x7ffd0ce30000 of 64 bytes failed: ReadProcessMemory veya WriteProcessMemory isteðinin sadece bir parçasý tamamlandý. (0x12B)
[1216/032701.543:WARNING:pe_image_reader.cc(340)] could not read dos header from C:\WINDOWS\SYSTEM32\USERENV.dll
[1216/032701.543:ERROR:process_memory_win.cc(73)] ReadMemory at 0x7ffd0cfb0000 of 64 bytes failed: ReadProcessMemory veya WriteProcessMemory isteðinin sadece bir parçasý tamamlandý. (0x12B)
[1216/032701.543:WARNING:pe_image_reader.cc(340)] could not read dos header from C:\WINDOWS\System32\profapi.dll
[1216/032701.543:ERROR:process_memory_win.cc(73)] ReadMemory at 0x7ffd03f70000 of 64 bytes failed: ReadProcessMemory veya WriteProcessMemory isteðinin sadece bir parçasý tamamlandý. (0x12B)
[1216/032701.543:WARNING:pe_image_reader.cc(340)] could not read dos header from C:\WINDOWS\SYSTEM32\DWrite.dll
[1216/032701.543:ERROR:process_memory_win.cc(73)] ReadMemory at 0x7ffcfec10000 of 64 bytes failed: ReadProcessMemory veya WriteProcessMemory isteðinin sadece bir parçasý tamamlandý. (0x12B)
[1216/032701.543:WARNING:pe_image_reader.cc(340)] could not read dos header from C:\WINDOWS\SYSTEM32\WINSPOOL.DRV
[1216/032701.543:ERROR:process_memory_win.cc(73)] ReadMemory at 0x7ffd0cf90000 of 64 bytes failed: ReadProcessMemory veya WriteProcessMemory isteðinin sadece bir parçasý tamamlandý. (0x12B)
[1216/032701.543:WARNING:pe_image_reader.cc(340)] could not read dos header from C:\WINDOWS\System32\kernel.appcore.dll
[1216/032701.544:ERROR:process_memory_win.cc(73)] ReadMemory at 0x7ffd0de80000 of 64 bytes failed: ReadProcessMemory veya WriteProcessMemory isteðinin sadece bir parçasý tamamlandý. (0x12B)
[1216/032701.544:WARNING:pe_image_reader.cc(340)] could not read dos header from C:\WINDOWS\System32\bcrypt.dll
[1216/032701.544:ERROR:process_memory_win.cc(73)] ReadMemory at 0x7ffd08610000 of 64 bytes failed: ReadProcessMemory veya WriteProcessMemory isteðinin sadece bir parçasý tamamlandý. (0x12B)
[1216/032701.544:WARNING:pe_image_reader.cc(340)] could not read dos header from C:\WINDOWS\SYSTEM32\dbghelp.dll
[1216/032701.544:ERROR:process_memory_win.cc(73)] ReadMemory at 0x7ffd008d0000 of 64 bytes failed: ReadProcessMemory veya WriteProcessMemory isteðinin sadece bir parçasý tamamlandý. (0x12B)
[1216/032701.544:WARNING:pe_image_reader.cc(340)] could not read dos header from C:\WINDOWS\SYSTEM32\Secur32.dll
[1216/032701.544:ERROR:process_memory_win.cc(73)] ReadMemory at 0x7ffd017d0000 of 64 bytes failed: ReadProcessMemory veya WriteProcessMemory isteðinin sadece bir parçasý tamamlandý. (0x12B)
[1216/032701.544:WARNING:pe_image_reader.cc(340)] could not read dos header from C:\WINDOWS\SYSTEM32\WINHTTP.dll
[1216/032701.544:ERROR:process_memory_win.cc(73)] ReadMemory at 0x7ffd02cd0000 of 64 bytes failed: ReadProcessMemory veya WriteProcessMemory isteðinin sadece bir parçasý tamamlandý. (0x12B)
[1216/032701.544:WARNING:pe_image_reader.cc(340)] could not read dos header from C:\WINDOWS\SYSTEM32\dhcpcsvc.DLL
[1216/032701.544:ERROR:process_memory_win.cc(73)] ReadMemory at 0x7ffd0fb40000 of 64 bytes failed: ReadProcessMemory veya WriteProcessMemory isteðinin sadece bir parçasý tamamlandý. (0x12B)
[1216/032701.544:WARNING:pe_image_reader.cc(340)] could not read dos header from C:\WINDOWS\System32\NSI.dll
[1216/032701.544:ERROR:process_memory_win.cc(73)] ReadMemory at 0x7ffd00e00000 of 64 bytes failed: ReadProcessMemory veya WriteProcessMemory isteðinin sadece bir parçasý tamamlandý. (0x12B)
[1216/032701.544:WARNING:pe_image_reader.cc(340)] could not read dos header from C:\WINDOWS\SYSTEM32\WINMMBASE.dll
[1216/032701.544:ERROR:process_memory_win.cc(73)] ReadMemory at 0x7ffd0dd80000 of 64 bytes failed: ReadProcessMemory veya WriteProcessMemory isteðinin sadece bir parçasý tamamlandý. (0x12B)
[1216/032701.544:WARNING:pe_image_reader.cc(340)] could not read dos header from C:\WINDOWS\System32\cfgmgr32.dll
[1216/032701.544:ERROR:process_memory_win.cc(73)] ReadMemory at 0x7ffd065b0000 of 64 bytes failed: ReadProcessMemory veya WriteProcessMemory isteðinin sadece bir parçasý tamamlandý. (0x12B)
[1216/032701.544:WARNING:pe_image_reader.cc(340)] could not read dos header from C:\WINDOWS\SYSTEM32\PROPSYS.dll
[1216/032701.544:ERROR:process_memory_win.cc(73)] ReadMemory at 0x7ffd0fa90000 of 64 bytes failed: ReadProcessMemory veya WriteProcessMemory isteðinin sadece bir parçasý tamamlandý. (0x12B)
[1216/032701.544:WARNING:pe_image_reader.cc(340)] could not read dos header from C:\WINDOWS\System32\shcore.dll
[1216/032701.544:ERROR:process_memory_win.cc(73)] ReadMemory at 0x7ffd0ce00000 of 64 bytes failed: ReadProcessMemory veya WriteProcessMemory isteðinin sadece bir parçasý tamamlandý. (0x12B)
[1216/032701.544:WARNING:pe_image_reader.cc(340)] could not read dos header from C:\WINDOWS\SYSTEM32\SSPICLI.DLL
[1216/032701.544:ERROR:process_memory_win.cc(73)] ReadMemory at 0x7ffd0e560000 of 64 bytes failed: ReadProcessMemory veya WriteProcessMemory isteðinin sadece bir parçasý tamamlandý. (0x12B)
[1216/032701.544:WARNING:pe_image_reader.cc(340)] could not read dos header from C:\WINDOWS\System32\SHELL32.dll
[1216/032701.544:ERROR:process_memory_win.cc(73)] ReadMemory at 0x7ffd0d600000 of 64 bytes failed: ReadProcessMemory veya WriteProcessMemory isteðinin sadece bir parçasý tamamlandý. (0x12B)
[1216/032701.544:WARNING:pe_image_reader.cc(340)] could not read dos header from C:\WINDOWS\System32\windows.storage.dll
[1216/032701.544:ERROR:process_memory_win.cc(73)] ReadMemory at 0x7ffd0cf20000 of 64 bytes failed: ReadProcessMemory veya WriteProcessMemory isteðinin sadece bir parçasý tamamlandý. (0x12B)
[1216/032701.544:WARNING:pe_image_reader.cc(340)] could not read dos header from C:\WINDOWS\System32\powrprof.dll
[1216/032701.544:ERROR:process_memory_win.cc(73)] ReadMemory at 0x7ffd0cf10000 of 64 bytes failed: ReadProcessMemory veya WriteProcessMemory isteðinin sadece bir parçasý tamamlandý. (0x12B)
[1216/032701.544:WARNING:pe_image_reader.cc(340)] could not read dos header from C:\WINDOWS\System32\UMPDC.dll
[1216/032701.544:ERROR:process_memory_win.cc(73)] ReadMemory at 0x7ffd0fde0000 of 64 bytes failed: ReadProcessMemory veya WriteProcessMemory isteðinin sadece bir parçasý tamamlandý. (0x12B)
[1216/032701.544:WARNING:pe_image_reader.cc(340)] could not read dos header from C:\WINDOWS\System32\shlwapi.dll
[1216/032701.544:ERROR:process_memory_win.cc(73)] ReadMemory at 0x7ffd0f070000 of 64 bytes failed: ReadProcessMemory veya WriteProcessMemory isteðinin sadece bir parçasý tamamlandý. (0x12B)
[1216/032701.544:WARNING:pe_image_reader.cc(340)] could not read dos header from C:\WINDOWS\System32\GDI32.dll
[1216/032701.544:ERROR:process_memory_win.cc(73)] ReadMemory at 0x7ffd0deb0000 of 64 bytes failed: ReadProcessMemory veya WriteProcessMemory isteðinin sadece bir parçasý tamamlandý. (0x12B)
[1216/032701.544:WARNING:pe_image_reader.cc(340)] could not read dos header from C:\WINDOWS\System32\win32u.dll
[1216/032701.544:ERROR:process_memory_win.cc(73)] ReadMemory at 0x7ffd0cfd0000 of 64 bytes failed: ReadProcessMemory veya WriteProcessMemory isteðinin sadece bir parçasý tamamlandý. (0x12B)
[1216/032701.544:WARNING:pe_image_reader.cc(340)] could not read dos header from C:\WINDOWS\System32\gdi32full.dll
[1216/032701.544:ERROR:process_memory_win.cc(73)] ReadMemory at 0x7ffd0fe40000 of 64 bytes failed: ReadProcessMemory veya WriteProcessMemory isteðinin sadece bir parçasý tamamlandý. (0x12B)
[1216/032701.545:WARNING:pe_image_reader.cc(340)] could not read dos header from C:\WINDOWS\System32\USER32.dll
[1216/032701.545:ERROR:process_memory_win.cc(73)] ReadMemory at 0x7ffd0df80000 of 64 bytes failed: ReadProcessMemory veya WriteProcessMemory isteðinin sadece bir parçasý tamamlandý. (0x12B)
[1216/032701.545:WARNING:pe_image_reader.cc(340)] could not read dos header from C:\WINDOWS\System32\cryptsp.dll
[1216/032701.545:ERROR:process_memory_win.cc(73)] ReadMemory at 0x1f78b660000 of 64 bytes failed: ReadProcessMemory veya WriteProcessMemory isteðinin sadece bir parçasý tamamlandý. (0x12B)
[1216/032701.545:WARNING:pe_image_reader.cc(340)] could not read dos header from C:\WINDOWS\System32\IMM32.DLL
[1216/032701.545:ERROR:process_memory_win.cc(73)] ReadMemory at 0x7ffd0c950000 of 64 bytes failed: ReadProcessMemory veya WriteProcessMemory isteðinin sadece bir parçasý tamamlandý. (0x12B)
[1216/032701.545:WARNING:pe_image_reader.cc(340)] could not read dos header from C:\WINDOWS\SYSTEM32\CRYPTBASE.DLL
[1216/032701.545:ERROR:process_memory_win.cc(73)] ReadMemory at 0x7ff6cbbb0000 of 64 bytes failed: ReadProcessMemory veya WriteProcessMemory isteðinin sadece bir parçasý tamamlandý. (0x12B)
[1216/032701.545:WARNING:pe_image_reader.cc(340)] could not read dos header from C:\Program Files (x86)\Google\Chrome\Application\chrome.exe
[1216/032701.545:ERROR:process_memory_win.cc(73)] ReadMemory at 0x7ffd10040000 of 64 bytes failed: ReadProcessMemory veya WriteProcessMemory isteðinin sadece bir parçasý tamamlandý. (0x12B)
[1216/032701.545:WARNING:pe_image_reader.cc(340)] could not read dos header from C:\WINDOWS\SYSTEM32\ntdll.dll
[1216/032701.545:ERROR:process_memory_win.cc(73)] ReadMemory at 0x7ffd0f170000 of 64 bytes failed: ReadProcessMemory veya WriteProcessMemory isteðinin sadece bir parçasý tamamlandý. (0x12B)
[1216/032701.545:WARNING:pe_image_reader.cc(340)] could not read dos header from C:\WINDOWS\System32\KERNEL32.DLL
[1216/032701.545:ERROR:process_memory_win.cc(73)] ReadMemory at 0x7ffd0d2f0000 of 64 bytes failed: ReadProcessMemory veya WriteProcessMemory isteðinin sadece bir parçasý tamamlandý. (0x12B)
[1216/032701.545:WARNING:pe_image_reader.cc(340)] could not read dos header from C:\WINDOWS\System32\KERNELBASE.dll
[1216/032701.545:ERROR:process_memory_win.cc(73)] ReadMemory at 0x7ffce9e90000 of 64 bytes failed: ReadProcessMemory veya WriteProcessMemory isteðinin sadece bir parçasý tamamlandý. (0x12B)
[1216/032701.545:WARNING:pe_image_reader.cc(340)] could not read dos header from C:\Program Files (x86)\Google\Chrome\Application\79.0.3945.79\chrome_elf.dll
[1216/032701.545:ERROR:process_memory_win.cc(73)] ReadMemory at 0x7ffd02d20000 of 64 bytes failed: ReadProcessMemory veya WriteProcessMemory isteðinin sadece bir parçasý tamamlandý. (0x12B)
[1216/032701.545:WARNING:pe_image_reader.cc(340)] could not read dos header from C:\WINDOWS\SYSTEM32\VERSION.dll
[1216/032701.545:ERROR:process_memory_win.cc(73)] ReadMemory at 0x7ffd0fd40000 of 64 bytes failed: ReadProcessMemory veya WriteProcessMemory isteðinin sadece bir parçasý tamamlandý. (0x12B)
[1216/032701.545:WARNING:pe_image_reader.cc(340)] could not read dos header from C:\WINDOWS\System32\msvcrt.dll
[1216/032701.545:ERROR:process_memory_win.cc(73)] ReadMemory at 0x7ffd0d170000 of 64 bytes failed: ReadProcessMemory veya WriteProcessMemory isteðinin sadece bir parçasý tamamlandý. (0x12B)
[1216/032701.545:WARNING:pe_image_reader.cc(340)] could not read dos header from C:\WINDOWS\System32\bcryptPrimitives.dll
[1216/032701.545:ERROR:process_memory_win.cc(73)] ReadMemory at 0x7ffd0ee00000 of 64 bytes failed: ReadProcessMemory veya WriteProcessMemory isteðinin sadece bir parçasý tamamlandý. (0x12B)
[1216/032701.545:WARNING:pe_image_reader.cc(340)] could not read dos header from C:\WINDOWS\System32\ADVAPI32.dll
[1216/032701.545:ERROR:process_memory_win.cc(73)] ReadMemory at 0x7ffd0f9f0000 of 64 bytes failed: ReadProcessMemory veya WriteProcessMemory isteðinin sadece bir parçasý tamamlandý. (0x12B)
[1216/032701.545:WARNING:pe_image_reader.cc(340)] could not read dos header from C:\WINDOWS\System32\sechost.dll
[1216/032701.545:ERROR:process_memory_win.cc(73)] ReadMemory at 0x7ffd0e0f0000 of 64 bytes failed: ReadProcessMemory veya WriteProcessMemory isteðinin sadece bir parçasý tamamlandý. (0x12B)
[1216/032701.545:WARNING:pe_image_reader.cc(340)] could not read dos header from C:\WINDOWS\System32\RPCRT4.dll
[1216/032701.545:ERROR:process_memory_win.cc(73)] ReadMemory at 0x7ffc9cb20000 of 64 bytes failed: ReadProcessMemory veya WriteProcessMemory isteðinin sadece bir parçasý tamamlandý. (0x12B)
[1216/032701.545:WARNING:pe_image_reader.cc(340)] could not read dos header from C:\Program Files (x86)\Google\Chrome\Application\79.0.3945.79\chrome_child.dll
[1216/032701.545:ERROR:process_memory_win.cc(73)] ReadMemory at 0x7ffd0fc00000 of 64 bytes failed: ReadProcessMemory veya WriteProcessMemory isteðinin sadece bir parçasý tamamlandý. (0x12B)
[1216/032701.545:WARNING:pe_image_reader.cc(340)] could not read dos header from C:\WINDOWS\System32\OLEAUT32.dll
[1216/032701.545:ERROR:process_memory_win.cc(73)] ReadMemory at 0x7ffd0dee0000 of 64 bytes failed: ReadProcessMemory veya WriteProcessMemory isteðinin sadece bir parçasý tamamlandý. (0x12B)
[1216/032701.545:WARNING:pe_image_reader.cc(340)] could not read dos header from C:\WINDOWS\System32\msvcp_win.dll
[1216/032701.545:ERROR:process_memory_win.cc(73)] ReadMemory at 0x7ffd0d1f0000 of 64 bytes failed: ReadProcessMemory veya WriteProcessMemory isteðinin sadece bir parçasý tamamlandý. (0x12B)
[1216/032701.545:WARNING:pe_image_reader.cc(340)] could not read dos header from C:\WINDOWS\System32\ucrtbase.dll
[1216/032701.545:ERROR:process_memory_win.cc(73)] ReadMemory at 0x7ffd0e210000 of 64 bytes failed: ReadProcessMemory veya WriteProcessMemory isteðinin sadece bir parçasý tamamlandý. (0x12B)
[1216/032701.545:WARNING:pe_image_reader.cc(340)] could not read dos header from C:\WINDOWS\System32\combase.dll
[1216/032701.545:ERROR:process_memory_win.cc(73)] ReadMemory at 0x7ffd0f980000 of 64 bytes failed: ReadProcessMemory veya WriteProcessMemory isteðinin sadece bir parçasý tamamlandý. (0x12B)
[1216/032701.545:WARNING:pe_image_reader.cc(340)] could not read dos header from C:\WINDOWS\System32\WS2_32.dll
[1216/032701.545:ERROR:process_memory_win.cc(73)] ReadMemory at 0x7ffd0d5a0000 of 64 bytes failed: ReadProcessMemory veya WriteProcessMemory isteðinin sadece bir parçasý tamamlandý. (0x12B)
[1216/032701.545:WARNING:pe_image_reader.cc(340)] could not read dos header from C:\WINDOWS\System32\WINTRUST.dll
[1216/032701.546:ERROR:process_memory_win.cc(73)] ReadMemory at 0x7ffd0cf70000 of 64 bytes failed: ReadProcessMemory veya WriteProcessMemory isteðinin sadece bir parçasý tamamlandý. (0x12B)
[1216/032701.546:WARNING:pe_image_reader.cc(340)] could not read dos header from C:\WINDOWS\System32\MSASN1.dll
[1216/032701.546:ERROR:process_memory_win.cc(73)] ReadMemory at 0x7ffd0dfa0000 of 64 bytes failed: ReadProcessMemory veya WriteProcessMemory isteðinin sadece bir parçasý tamamlandý. (0x12B)
[1216/032701.546:WARNING:pe_image_reader.cc(340)] could not read dos header from C:\WINDOWS\System32\CRYPT32.dll
[1216/032701.546:ERROR:process_memory_win.cc(73)] ReadMemory at 0x7ffd0c490000 of 64 bytes failed: ReadProcessMemory veya WriteProcessMemory isteðinin sadece bir parçasý tamamlandý. (0x12B)
[1216/032701.546:WARNING:pe_image_reader.cc(340)] could not read dos header from C:\WINDOWS\SYSTEM32\IPHLPAPI.DLL
[1216/032701.546:ERROR:process_memory_win.cc(73)] ReadMemory at 0x7ffd00e30000 of 64 bytes failed: ReadProcessMemory veya WriteProcessMemory isteðinin sadece bir parçasý tamamlandý. (0x12B)
[1216/032701.546:WARNING:pe_image_reader.cc(340)] could not read dos header from C:\WINDOWS\SYSTEM32\WINMM.dll
[1216/032701.546:ERROR:process_memory_win.cc(73)] ReadMemory at 0x7ffd0ce30000 of 64 bytes failed: ReadProcessMemory veya WriteProcessMemory isteðinin sadece bir parçasý tamamlandý. (0x12B)
[1216/032701.546:WARNING:pe_image_reader.cc(340)] could not read dos header from C:\WINDOWS\SYSTEM32\USERENV.dll
[1216/032701.546:ERROR:process_memory_win.cc(73)] ReadMemory at 0x7ffd0cfb0000 of 64 bytes failed: ReadProcessMemory veya WriteProcessMemory isteðinin sadece bir parçasý tamamlandý. (0x12B)
[1216/032701.546:WARNING:pe_image_reader.cc(340)] could not read dos header from C:\WINDOWS\System32\profapi.dll
[1216/032701.546:ERROR:process_memory_win.cc(73)] ReadMemory at 0x7ffd03f70000 of 64 bytes failed: ReadProcessMemory veya WriteProcessMemory isteðinin sadece bir parçasý tamamlandý. (0x12B)
[1216/032701.546:WARNING:pe_image_reader.cc(340)] could not read dos header from C:\WINDOWS\SYSTEM32\DWrite.dll
[1216/032701.546:ERROR:process_memory_win.cc(73)] ReadMemory at 0x7ffcfec10000 of 64 bytes failed: ReadProcessMemory veya WriteProcessMemory isteðinin sadece bir parçasý tamamlandý. (0x12B)
[1216/032701.546:WARNING:pe_image_reader.cc(340)] could not read dos header from C:\WINDOWS\SYSTEM32\WINSPOOL.DRV
[1216/032701.546:ERROR:process_memory_win.cc(73)] ReadMemory at 0x7ffd0cf90000 of 64 bytes failed: ReadProcessMemory veya WriteProcessMemory isteðinin sadece bir parçasý tamamlandý. (0x12B)
[1216/032701.546:WARNING:pe_image_reader.cc(340)] could not read dos header from C:\WINDOWS\System32\kernel.appcore.dll
[1216/032701.546:ERROR:process_memory_win.cc(73)] ReadMemory at 0x7ffd0de80000 of 64 bytes failed: ReadProcessMemory veya WriteProcessMemory isteðinin sadece bir parçasý tamamlandý. (0x12B)
[1216/032701.546:WARNING:pe_image_reader.cc(340)] could not read dos header from C:\WINDOWS\System32\bcrypt.dll
[1216/032701.546:ERROR:process_memory_win.cc(73)] ReadMemory at 0x7ffd08610000 of 64 bytes failed: ReadProcessMemory veya WriteProcessMemory isteðinin sadece bir parçasý tamamlandý. (0x12B)
[1216/032701.546:WARNING:pe_image_reader.cc(340)] could not read dos header from C:\WINDOWS\SYSTEM32\dbghelp.dll
[1216/032701.546:ERROR:process_memory_win.cc(73)] ReadMemory at 0x7ffd008d0000 of 64 bytes failed: ReadProcessMemory veya WriteProcessMemory isteðinin sadece bir parçasý tamamlandý. (0x12B)
[1216/032701.546:WARNING:pe_image_reader.cc(340)] could not read dos header from C:\WINDOWS\SYSTEM32\Secur32.dll
[1216/032701.546:ERROR:process_memory_win.cc(73)] ReadMemory at 0x7ffd017d0000 of 64 bytes failed: ReadProcessMemory veya WriteProcessMemory isteðinin sadece bir parçasý tamamlandý. (0x12B)
[1216/032701.546:WARNING:pe_image_reader.cc(340)] could not read dos header from C:\WINDOWS\SYSTEM32\WINHTTP.dll
[1216/032701.546:ERROR:process_memory_win.cc(73)] ReadMemory at 0x7ffd02cd0000 of 64 bytes failed: ReadProcessMemory veya WriteProcessMemory isteðinin sadece bir parçasý tamamlandý. (0x12B)
[1216/032701.546:WARNING:pe_image_reader.cc(340)] could not read dos header from C:\WINDOWS\SYSTEM32\dhcpcsvc.DLL
[1216/032701.546:ERROR:process_memory_win.cc(73)] ReadMemory at 0x7ffd0fb40000 of 64 bytes failed: ReadProcessMemory veya WriteProcessMemory isteðinin sadece bir parçasý tamamlandý. (0x12B)
[1216/032701.546:WARNING:pe_image_reader.cc(340)] could not read dos header from C:\WINDOWS\System32\NSI.dll
[1216/032701.546:ERROR:process_memory_win.cc(73)] ReadMemory at 0x7ffd00e00000 of 64 bytes failed: ReadProcessMemory veya WriteProcessMemory isteðinin sadece bir parçasý tamamlandý. (0x12B)
[1216/032701.546:WARNING:pe_image_reader.cc(340)] could not read dos header from C:\WINDOWS\SYSTEM32\WINMMBASE.dll
[1216/032701.546:ERROR:process_memory_win.cc(73)] ReadMemory at 0x7ffd0dd80000 of 64 bytes failed: ReadProcessMemory veya WriteProcessMemory isteðinin sadece bir parçasý tamamlandý. (0x12B)
[1216/032701.546:WARNING:pe_image_reader.cc(340)] could not read dos header from C:\WINDOWS\System32\cfgmgr32.dll
[1216/032701.546:ERROR:process_memory_win.cc(73)] ReadMemory at 0x7ffd065b0000 of 64 bytes failed: ReadProcessMemory veya WriteProcessMemory isteðinin sadece bir parçasý tamamlandý. (0x12B)
[1216/032701.546:WARNING:pe_image_reader.cc(340)] could not read dos header from C:\WINDOWS\SYSTEM32\PROPSYS.dll
[1216/032701.546:ERROR:process_memory_win.cc(73)] ReadMemory at 0x7ffd0fa90000 of 64 bytes failed: ReadProcessMemory veya WriteProcessMemory isteðinin sadece bir parçasý tamamlandý. (0x12B)
[1216/032701.546:WARNING:pe_image_reader.cc(340)] could not read dos header from C:\WINDOWS\System32\shcore.dll
[1216/032701.546:ERROR:process_memory_win.cc(73)] ReadMemory at 0x7ffd0ce00000 of 64 bytes failed: ReadProcessMemory veya WriteProcessMemory isteðinin sadece bir parçasý tamamlandý. (0x12B)
[1216/032701.546:WARNING:pe_image_reader.cc(340)] could not read dos header from C:\WINDOWS\SYSTEM32\SSPICLI.DLL
[1216/032701.546:ERROR:process_memory_win.cc(73)] ReadMemory at 0x7ffd0e560000 of 64 bytes failed: ReadProcessMemory veya WriteProcessMemory isteðinin sadece bir parçasý tamamlandý. (0x12B)
[1216/032701.546:WARNING:pe_image_reader.cc(340)] could not read dos header from C:\WINDOWS\System32\SHELL32.dll
[1216/032701.546:ERROR:process_memory_win.cc(73)] ReadMemory at 0x7ffd0d600000 of 64 bytes failed: ReadProcessMemory veya WriteProcessMemory isteðinin sadece bir parçasý tamamlandý. (0x12B)
[1216/032701.546:WARNING:pe_image_reader.cc(340)] could not read dos header from C:\WINDOWS\System32\windows.storage.dll
[1216/032701.546:ERROR:process_memory_win.cc(73)] ReadMemory at 0x7ffd0cf20000 of 64 bytes failed: ReadProcessMemory veya WriteProcessMemory isteðinin sadece bir parçasý tamamlandý. (0x12B)
[1216/032701.547:WARNING:pe_image_reader.cc(340)] could not read dos header from C:\WINDOWS\System32\powrprof.dll
[1216/032701.547:ERROR:process_memory_win.cc(73)] ReadMemory at 0x7ffd0cf10000 of 64 bytes failed: ReadProcessMemory veya WriteProcessMemory isteðinin sadece bir parçasý tamamlandý. (0x12B)
[1216/032701.547:WARNING:pe_image_reader.cc(340)] could not read dos header from C:\WINDOWS\System32\UMPDC.dll
[1216/032701.547:ERROR:process_memory_win.cc(73)] ReadMemory at 0x7ffd0fde0000 of 64 bytes failed: ReadProcessMemory veya WriteProcessMemory isteðinin sadece bir parçasý tamamlandý. (0x12B)
[1216/032701.547:WARNING:pe_image_reader.cc(340)] could not read dos header from C:\WINDOWS\System32\shlwapi.dll
[1216/032701.547:ERROR:process_memory_win.cc(73)] ReadMemory at 0x7ffd0f070000 of 64 bytes failed: ReadProcessMemory veya WriteProcessMemory isteðinin sadece bir parçasý tamamlandý. (0x12B)
[1216/032701.547:WARNING:pe_image_reader.cc(340)] could not read dos header from C:\WINDOWS\System32\GDI32.dll
[1216/032701.547:ERROR:process_memory_win.cc(73)] ReadMemory at 0x7ffd0deb0000 of 64 bytes failed: ReadProcessMemory veya WriteProcessMemory isteðinin sadece bir parçasý tamamlandý. (0x12B)
[1216/032701.547:WARNING:pe_image_reader.cc(340)] could not read dos header from C:\WINDOWS\System32\win32u.dll
[1216/032701.547:ERROR:process_memory_win.cc(73)] ReadMemory at 0x7ffd0cfd0000 of 64 bytes failed: ReadProcessMemory veya WriteProcessMemory isteðinin sadece bir parçasý tamamlandý. (0x12B)
[1216/032701.547:WARNING:pe_image_reader.cc(340)] could not read dos header from C:\WINDOWS\System32\gdi32full.dll
[1216/032701.547:ERROR:process_memory_win.cc(73)] ReadMemory at 0x7ffd0fe40000 of 64 bytes failed: ReadProcessMemory veya WriteProcessMemory isteðinin sadece bir parçasý tamamlandý. (0x12B)
[1216/032701.547:WARNING:pe_image_reader.cc(340)] could not read dos header from C:\WINDOWS\System32\USER32.dll
[1216/032701.547:ERROR:process_memory_win.cc(73)] ReadMemory at 0x7ffd0df80000 of 64 bytes failed: ReadProcessMemory veya WriteProcessMemory isteðinin sadece bir parçasý tamamlandý. (0x12B)
[1216/032701.547:WARNING:pe_image_reader.cc(340)] could not read dos header from C:\WINDOWS\System32\cryptsp.dll
[1216/032701.547:ERROR:process_memory_win.cc(73)] ReadMemory at 0x1f78b660000 of 64 bytes failed: ReadProcessMemory veya WriteProcessMemory isteðinin sadece bir parçasý tamamlandý. (0x12B)
[1216/032701.547:WARNING:pe_image_reader.cc(340)] could not read dos header from C:\WINDOWS\System32\IMM32.DLL
[1216/032701.547:ERROR:process_memory_win.cc(73)] ReadMemory at 0x7ffd0c950000 of 64 bytes failed: ReadProcessMemory veya WriteProcessMemory isteðinin sadece bir parçasý tamamlandý. (0x12B)
[1216/032701.547:WARNING:pe_image_reader.cc(340)] could not read dos header from C:\WINDOWS\SYSTEM32\CRYPTBASE.DLL
[1216/032701.556:ERROR:process_memory_win.cc(73)] ReadMemory at 0xf43e5e2000 of 122880 bytes failed: ReadProcessMemory veya WriteProcessMemory isteðinin sadece bir parçasý tamamlandý. (0x12B)
[1216/032701.557:ERROR:process_memory_win.cc(73)] ReadMemory at 0xf43edfd000 of 12288 bytes failed: ReadProcessMemory veya WriteProcessMemory isteðinin sadece bir parçasý tamamlandý. (0x12B)
[1216/032701.557:ERROR:process_memory_win.cc(73)] ReadMemory at 0xf43f5f9000 of 28672 bytes failed: ReadProcessMemory veya WriteProcessMemory isteðinin sadece bir parçasý tamamlandý. (0x12B)
[1216/032701.557:ERROR:process_memory_win.cc(73)] ReadMemory at 0xf43fdfc000 of 16384 bytes failed: ReadProcessMemory veya WriteProcessMemory isteðinin sadece bir parçasý tamamlandý. (0x12B)
[1216/032701.557:ERROR:process_memory_win.cc(73)] ReadMemory at 0xf4405fc000 of 16384 bytes failed: ReadProcessMemory veya WriteProcessMemory isteðinin sadece bir parçasý tamamlandý. (0x12B)
[1216/032701.558:ERROR:process_memory_win.cc(73)] ReadMemory at 0xf440dfe000 of 8192 bytes failed: ReadProcessMemory veya WriteProcessMemory isteðinin sadece bir parçasý tamamlandý. (0x12B)
[1216/032701.558:ERROR:process_memory_win.cc(73)] ReadMemory at 0xf4415fd000 of 12288 bytes failed: ReadProcessMemory veya WriteProcessMemory isteðinin sadece bir parçasý tamamlandý. (0x12B)
[1216/032701.558:ERROR:process_memory_win.cc(73)] ReadMemory at 0xf441dfb000 of 20480 bytes failed: ReadProcessMemory veya WriteProcessMemory isteðinin sadece bir parçasý tamamlandý. (0x12B)
[1216/032701.558:ERROR:process_memory_win.cc(73)] ReadMemory at 0xf4425fd000 of 12288 bytes failed: ReadProcessMemory veya WriteProcessMemory isteðinin sadece bir parçasý tamamlandý. (0x12B)
[1216/032701.558:ERROR:process_memory_win.cc(73)] ReadMemory at 0xf4435fa000 of 24576 bytes failed: ReadProcessMemory veya WriteProcessMemory isteðinin sadece bir parçasý tamamlandý. (0x12B)
[1216/032701.558:ERROR:process_memory_win.cc(73)] ReadMemory at 0xf443dfa000 of 24576 bytes failed: ReadProcessMemory veya WriteProcessMemory isteðinin sadece bir parçasý tamamlandý. (0x12B)
[1216/032701.558:ERROR:process_memory_win.cc(73)] ReadMemory at 0xf4445fb000 of 20480 bytes failed: ReadProcessMemory veya WriteProcessMemory isteðinin sadece bir parçasý tamamlandý. (0x12B)
[1216/032701.558:ERROR:process_memory_win.cc(73)] ReadMemory at 0xf4455fc000 of 16384 bytes failed: ReadProcessMemory veya WriteProcessMemory isteðinin sadece bir parçasý tamamlandý. (0x12B)
[1216/032701.558:ERROR:process_memory_win.cc(73)] ReadMemory at 0xf442dfd000 of 12288 bytes failed: ReadProcessMemory veya WriteProcessMemory isteðinin sadece bir parçasý tamamlandý. (0x12B)
[1216/032701.558:ERROR:process_memory_win.cc(73)] ReadMemory at 0xf444dfd000 of 12288 bytes failed: ReadProcessMemory veya WriteProcessMemory isteðinin sadece bir parçasý tamamlandý. (0x12B)
[1216/032701.559:ERROR:process_memory_win.cc(73)] ReadMemory at 0xf43dc0c000 of 852 bytes failed: ReadProcessMemory veya WriteProcessMemory isteðinin sadece bir parçasý tamamlandý. (0x12B)
[1216/032701.559:ERROR:process_memory_win.cc(73)] ReadMemory at 0xf43dc0d000 of 6024 bytes failed: ReadProcessMemory veya WriteProcessMemory isteðinin sadece bir parçasý tamamlandý. (0x12B)
[1216/032701.559:ERROR:process_memory_win.cc(73)] ReadMemory at 0xf43dc0f000 of 6024 bytes failed: ReadProcessMemory veya WriteProcessMemory isteðinin sadece bir parçasý tamamlandý. (0x12B)
[1216/032701.559:ERROR:process_memory_win.cc(73)] ReadMemory at 0xf43dc11000 of 6024 bytes failed: ReadProcessMemory veya WriteProcessMemory isteðinin sadece bir parçasý tamamlandý. (0x12B)
[1216/032701.559:ERROR:process_memory_win.cc(73)] ReadMemory at 0xf43dc13000 of 6024 bytes failed: ReadProcessMemory veya WriteProcessMemory isteðinin sadece bir parçasý tamamlandý. (0x12B)
[1216/032701.559:ERROR:process_memory_win.cc(73)] ReadMemory at 0xf43dc15000 of 6024 bytes failed: ReadProcessMemory veya WriteProcessMemory isteðinin sadece bir parçasý tamamlandý. (0x12B)
[1216/032701.559:ERROR:process_memory_win.cc(73)] ReadMemory at 0xf43dc17000 of 6024 bytes failed: ReadProcessMemory veya WriteProcessMemory isteðinin sadece bir parçasý tamamlandý. (0x12B)
[1216/032701.559:ERROR:process_memory_win.cc(73)] ReadMemory at 0xf43dc19000 of 6024 bytes failed: ReadProcessMemory veya WriteProcessMemory isteðinin sadece bir parçasý tamamlandý. (0x12B)
[1216/032701.559:ERROR:process_memory_win.cc(73)] ReadMemory at 0xf43dc1b000 of 6024 bytes failed: ReadProcessMemory veya WriteProcessMemory isteðinin sadece bir parçasý tamamlandý. (0x12B)
[1216/032701.559:ERROR:process_memory_win.cc(73)] ReadMemory at 0xf43dc1d000 of 6024 bytes failed: ReadProcessMemory veya WriteProcessMemory isteðinin sadece bir parçasý tamamlandý. (0x12B)
[1216/032701.559:ERROR:process_memory_win.cc(73)] ReadMemory at 0xf43dc21000 of 6024 bytes failed: ReadProcessMemory veya WriteProcessMemory isteðinin sadece bir parçasý tamamlandý. (0x12B)
[1216/032701.559:ERROR:process_memory_win.cc(73)] ReadMemory at 0xf43dc23000 of 6024 bytes failed: ReadProcessMemory veya WriteProcessMemory isteðinin sadece bir parçasý tamamlandý. (0x12B)
[1216/032701.559:ERROR:process_memory_win.cc(73)] ReadMemory at 0xf43dc25000 of 6024 bytes failed: ReadProcessMemory veya WriteProcessMemory isteðinin sadece bir parçasý tamamlandý. (0x12B)
[1216/032701.559:ERROR:process_memory_win.cc(73)] ReadMemory at 0xf43dc29000 of 6024 bytes failed: ReadProcessMemory veya WriteProcessMemory isteðinin sadece bir parçasý tamamlandý. (0x12B)
[1216/032701.560:ERROR:process_memory_win.cc(73)] ReadMemory at 0xf43dc2f000 of 6024 bytes failed: ReadProcessMemory veya WriteProcessMemory isteðinin sadece bir parçasý tamamlandý. (0x12B)
[1216/032701.560:ERROR:process_memory_win.cc(73)] ReadMemory at 0xf43dc37000 of 6024 bytes failed: ReadProcessMemory veya WriteProcessMemory isteðinin sadece bir parçasý tamamlandý. (0x12B)
[1216/032701.560:ERROR:process_memory_win.cc(73)] ReadMemory at 0x1f78b240750 of 80 bytes failed: ReadProcessMemory veya WriteProcessMemory isteðinin sadece bir parçasý tamamlandý. (0x12B)
[1216/032701.560:ERROR:process_memory_win.cc(73)] ReadMemory at 0x1f78b240fe0 of 5858 bytes failed: ReadProcessMemory veya WriteProcessMemory isteðinin sadece bir parçasý tamamlandý. (0x12B)
[1216/032701.560:ERROR:process_memory_win.cc(73)] ReadMemory at 0x1f78b2426d0 of 1012 bytes failed: ReadProcessMemory veya WriteProcessMemory isteðinin sadece bir parçasý tamamlandý. (0x12B)
[1216/032701.560:ERROR:process_memory_win.cc(73)] ReadMemory at 0x1f78b242d18 of 118 bytes failed: ReadProcessMemory veya WriteProcessMemory isteðinin sadece bir parçasý tamamlandý. (0x12B)
[1216/032701.560:ERROR:process_memory_win.cc(73)] ReadMemory at 0x1f78b242d90 of 1458 bytes failed: ReadProcessMemory veya WriteProcessMemory isteðinin sadece bir parçasý tamamlandý. (0x12B)
[1216/032701.560:ERROR:process_memory_win.cc(73)] ReadMemory at 0x1f78b243344 of 118 bytes failed: ReadProcessMemory veya WriteProcessMemory isteðinin sadece bir parçasý tamamlandý. (0x12B)
[1216/032701.560:ERROR:process_memory_win.cc(73)] ReadMemory at 0x1f78b2433bc of 94 bytes failed: ReadProcessMemory veya WriteProcessMemory isteðinin sadece bir parçasý tamamlandý. (0x12B)
[1216/032701.560:ERROR:process_memory_win.cc(73)] ReadMemory at 0x1f78b243430 of 58 bytes failed: ReadProcessMemory veya WriteProcessMemory isteðinin sadece bir parçasý tamamlandý. (0x12B)
[1216/032701.560:ERROR:process_memory_win.cc(73)] ReadMemory at 0x1f78b243530 of 132 bytes failed: ReadProcessMemory veya WriteProcessMemory isteðinin sadece bir parçasý tamamlandý. (0x12B)
[1216/032701.560:ERROR:process_memory_win.cc(73)] ReadMemory at 0x1f78b2436c0 of 132 bytes failed: ReadProcessMemory veya WriteProcessMemory isteðinin sadece bir parçasý tamamlandý. (0x12B)
[1216/032701.560:ERROR:process_memory_win.cc(73)] ReadMemory at 0x1f78b243880 of 124 bytes failed: ReadProcessMemory veya WriteProcessMemory isteðinin sadece bir parçasý tamamlandý. (0x12B)
[1216/032701.560:ERROR:process_memory_win.cc(73)] ReadMemory at 0x1f78b243c60 of 132 bytes failed: ReadProcessMemory veya WriteProcessMemory isteðinin sadece bir parçasý tamamlandý. (0x12B)
[1216/032701.560:ERROR:process_memory_win.cc(73)] ReadMemory at 0x1f78b243df0 of 64 bytes failed: ReadProcessMemory veya WriteProcessMemory isteðinin sadece bir parçasý tamamlandý. (0x12B)
[1216/032701.560:ERROR:process_memory_win.cc(73)] ReadMemory at 0x1f78b243fb0 of 132 bytes failed: ReadProcessMemory veya WriteProcessMemory isteðinin sadece bir parçasý tamamlandý. (0x12B)
[1216/032701.560:ERROR:process_memory_win.cc(73)] ReadMemory at 0x1f78b244250 of 132 bytes failed: ReadProcessMemory veya WriteProcessMemory isteðinin sadece bir parçasý tamamlandý. (0x12B)
[1216/032701.560:ERROR:process_memory_win.cc(73)] ReadMemory at 0x1f78b2443e0 of 68 bytes failed: ReadProcessMemory veya WriteProcessMemory isteðinin sadece bir parçasý tamamlandý. (0x12B)
[1216/032701.560:ERROR:process_memory_win.cc(73)] ReadMemory at 0x1f78b245540 of 156 bytes failed: ReadProcessMemory veya WriteProcessMemory isteðinin sadece bir parçasý tamamlandý. (0x12B)
[1216/032701.561:ERROR:process_memory_win.cc(73)] ReadMemory at 0x1f78b245620 of 132 bytes failed: ReadProcessMemory veya WriteProcessMemory isteðinin sadece bir parçasý tamamlandý. (0x12B)
[1216/032701.561:ERROR:process_memory_win.cc(73)] ReadMemory at 0x1f78b2457b0 of 152 bytes failed: ReadProcessMemory veya WriteProcessMemory isteðinin sadece bir parçasý tamamlandý. (0x12B)
[1216/032701.561:ERROR:process_memory_win.cc(73)] ReadMemory at 0x1f78b24634a of 512 bytes failed: ReadProcessMemory veya WriteProcessMemory isteðinin sadece bir parçasý tamamlandý. (0x12B)
[1216/032701.561:ERROR:process_memory_win.cc(73)] ReadMemory at 0x1f78b246760 of 132 bytes failed: ReadProcessMemory veya WriteProcessMemory isteðinin sadece bir parçasý tamamlandý. (0x12B)
[1216/032701.561:ERROR:process_memory_win.cc(73)] ReadMemory at 0x1f78b246ac0 of 132 bytes failed: ReadProcessMemory veya WriteProcessMemory isteðinin sadece bir parçasý tamamlandý. (0x12B)
[1216/032701.561:ERROR:process_memory_win.cc(73)] ReadMemory at 0x1f78b2478e0 of 62 bytes failed: ReadProcessMemory veya WriteProcessMemory isteðinin sadece bir parçasý tamamlandý. (0x12B)
[1216/032701.561:ERROR:process_memory_win.cc(73)] ReadMemory at 0x1f78b247930 of 132 bytes failed: ReadProcessMemory veya WriteProcessMemory isteðinin sadece bir parçasý tamamlandý. (0x12B)
[1216/032701.561:ERROR:process_memory_win.cc(73)] ReadMemory at 0x1f78b247ad0 of 132 bytes failed: ReadProcessMemory veya WriteProcessMemory isteðinin sadece bir parçasý tamamlandý. (0x12B)
[1216/032701.561:ERROR:process_memory_win.cc(73)] ReadMemory at 0x1f78b247c00 of 60 bytes failed: ReadProcessMemory veya WriteProcessMemory isteðinin sadece bir parçasý tamamlandý. (0x12B)
[1216/032701.561:ERROR:process_memory_win.cc(73)] ReadMemory at 0x1f78b247f60 of 132 bytes failed: ReadProcessMemory veya WriteProcessMemory isteðinin sadece bir parçasý tamamlandý. (0x12B)
[1216/032701.561:ERROR:process_memory_win.cc(73)] ReadMemory at 0x1f78b248170 of 132 bytes failed: ReadProcessMemory veya WriteProcessMemory isteðinin sadece bir parçasý tamamlandý. (0x12B)
[1216/032701.561:ERROR:process_memory_win.cc(73)] ReadMemory at 0x1f78b248520 of 132 bytes failed: ReadProcessMemory veya WriteProcessMemory isteðinin sadece bir parçasý tamamlandý. (0x12B)
[1216/032701.561:ERROR:process_memory_win.cc(73)] ReadMemory at 0x1f78b2486a0 of 132 bytes failed: ReadProcessMemory veya WriteProcessMemory isteðinin sadece bir parçasý tamamlandý. (0x12B)
[1216/032701.561:ERROR:process_memory_win.cc(73)] ReadMemory at 0x1f78b24b5a0 of 64 bytes failed: ReadProcessMemory veya WriteProcessMemory isteðinin sadece bir parçasý tamamlandý. (0x12B)
[1216/032701.561:ERROR:process_memory_win.cc(73)] ReadMemory at 0x1f78b24b730 of 62 bytes failed: ReadProcessMemory veya WriteProcessMemory isteðinin sadece bir parçasý tamamlandý. (0x12B)
[1216/032701.561:ERROR:process_memory_win.cc(73)] ReadMemory at 0x1f78b24b780 of 60 bytes failed: ReadProcessMemory veya WriteProcessMemory isteðinin sadece bir parçasý tamamlandý. (0x12B)
[1216/032701.561:ERROR:process_memory_win.cc(73)] ReadMemory at 0x1f78b24b820 of 64 bytes failed: ReadProcessMemory veya WriteProcessMemory isteðinin sadece bir parçasý tamamlandý. (0x12B)
[1216/032701.561:ERROR:process_memory_win.cc(73)] ReadMemory at 0x1f78b24b910 of 66 bytes failed: ReadProcessMemory veya WriteProcessMemory isteðinin sadece bir parçasý tamamlandý. (0x12B)
[1216/032701.561:ERROR:process_memory_win.cc(73)] ReadMemory at 0x1f78b24ba50 of 60 bytes failed: ReadProcessMemory veya WriteProcessMemory isteðinin sadece bir parçasý tamamlandý. (0x12B)
[1216/032701.561:ERROR:process_memory_win.cc(73)] ReadMemory at 0x1f78b24baf0 of 64 bytes failed: ReadProcessMemory veya WriteProcessMemory isteðinin sadece bir parçasý tamamlandý. (0x12B)
[1216/032701.561:ERROR:process_memory_win.cc(73)] ReadMemory at 0x1f78b24bbe0 of 64 bytes failed: ReadProcessMemory veya WriteProcessMemory isteðinin sadece bir parçasý tamamlandý. (0x12B)
[1216/032701.561:ERROR:process_memory_win.cc(73)] ReadMemory at 0x1f78b24bc30 of 62 bytes failed: ReadProcessMemory veya WriteProcessMemory isteðinin sadece bir parçasý tamamlandý. (0x12B)
[1216/032701.562:ERROR:process_memory_win.cc(73)] ReadMemory at 0x1f78b24bdb0 of 132 bytes failed: ReadProcessMemory veya WriteProcessMemory isteðinin sadece bir parçasý tamamlandý. (0x12B)
[1216/032701.562:ERROR:process_memory_win.cc(73)] ReadMemory at 0x1f78b24bee0 of 132 bytes failed: ReadProcessMemory veya WriteProcessMemory isteðinin sadece bir parçasý tamamlandý. (0x12B)
[1216/032701.562:ERROR:process_memory_win.cc(73)] ReadMemory at 0x1f78b24c010 of 132 bytes failed: ReadProcessMemory veya WriteProcessMemory isteðinin sadece bir parçasý tamamlandý. (0x12B)
[1216/032701.562:ERROR:process_memory_win.cc(73)] ReadMemory at 0x1f78b24c140 of 132 bytes failed: ReadProcessMemory veya WriteProcessMemory isteðinin sadece bir parçasý tamamlandý. (0x12B)
[1216/032701.562:ERROR:process_memory_win.cc(73)] ReadMemory at 0x1f78b24c270 of 132 bytes failed: ReadProcessMemory veya WriteProcessMemory isteðinin sadece bir parçasý tamamlandý. (0x12B)
[1216/032701.562:ERROR:process_memory_win.cc(73)] ReadMemory at 0x1f78b24c3a0 of 132 bytes failed: ReadProcessMemory veya WriteProcessMemory isteðinin sadece bir parçasý tamamlandý. (0x12B)
[1216/032701.562:ERROR:process_memory_win.cc(73)] ReadMemory at 0x1f78b24c4d0 of 132 bytes failed: ReadProcessMemory veya WriteProcessMemory isteðinin sadece bir parçasý tamamlandý. (0x12B)
[1216/032701.562:ERROR:process_memory_win.cc(73)] ReadMemory at 0x1f78b24c600 of 132 bytes failed: ReadProcessMemory veya WriteProcessMemory isteðinin sadece bir parçasý tamamlandý. (0x12B)
[1216/032701.562:ERROR:process_memory_win.cc(73)] ReadMemory at 0x1f78b24c730 of 132 bytes failed: ReadProcessMemory veya WriteProcessMemory isteðinin sadece bir parçasý tamamlandý. (0x12B)
[1216/032701.562:ERROR:process_memory_win.cc(73)] ReadMemory at 0x1f78b24c860 of 132 bytes failed: ReadProcessMemory veya WriteProcessMemory isteðinin sadece bir parçasý tamamlandý. (0x12B)
[1216/032701.562:ERROR:process_memory_win.cc(73)] ReadMemory at 0x1f78b24c990 of 132 bytes failed: ReadProcessMemory veya WriteProcessMemory isteðinin sadece bir parçasý tamamlandý. (0x12B)
[1216/032701.562:ERROR:process_memory_win.cc(73)] ReadMemory at 0x1f78b24cbf0 of 132 bytes failed: ReadProcessMemory veya WriteProcessMemory isteðinin sadece bir parçasý tamamlandý. (0x12B)
[1216/032701.562:ERROR:process_memory_win.cc(73)] ReadMemory at 0x1f78b24e810 of 54 bytes failed: ReadProcessMemory veya WriteProcessMemory isteðinin sadece bir parçasý tamamlandý. (0x12B)
[1216/032701.562:ERROR:process_memory_win.cc(73)] ReadMemory at 0x1f78b24f0a0 of 132 bytes failed: ReadProcessMemory veya WriteProcessMemory isteðinin sadece bir parçasý tamamlandý. (0x12B)
[1216/032701.563:ERROR:process_memory_win.cc(73)] ReadMemory at 0x1f78b24f870 of 132 bytes failed: ReadProcessMemory veya WriteProcessMemory isteðinin sadece bir parçasý tamamlandý. (0x12B)
[1216/032701.563:ERROR:process_memory_win.cc(73)] ReadMemory at 0x1f78b250ba0 of 132 bytes failed: ReadProcessMemory veya WriteProcessMemory isteðinin sadece bir parçasý tamamlandý. (0x12B)
[1216/032701.563:ERROR:process_memory_win.cc(73)] ReadMemory at 0x1f78b2555d0 of 78 bytes failed: ReadProcessMemory veya WriteProcessMemory isteðinin sadece bir parçasý tamamlandý. (0x12B)
[1216/032701.563:ERROR:process_memory_win.cc(73)] ReadMemory at 0x1f78b255b10 of 76 bytes failed: ReadProcessMemory veya WriteProcessMemory isteðinin sadece bir parçasý tamamlandý. (0x12B)
[1216/032701.563:ERROR:process_memory_win.cc(73)] ReadMemory at 0x1f78b256220 of 64 bytes failed: ReadProcessMemory veya WriteProcessMemory isteðinin sadece bir parçasý tamamlandý. (0x12B)
[1216/032701.563:ERROR:process_memory_win.cc(73)] ReadMemory at 0x1f78b256270 of 62 bytes failed: ReadProcessMemory veya WriteProcessMemory isteðinin sadece bir parçasý tamamlandý. (0x12B)
[1216/032701.563:ERROR:process_memory_win.cc(73)] ReadMemory at 0x1f78b2562c0 of 60 bytes failed: ReadProcessMemory veya WriteProcessMemory isteðinin sadece bir parçasý tamamlandý. (0x12B)
[1216/032701.563:ERROR:process_memory_win.cc(73)] ReadMemory at 0x1f78b256310 of 58 bytes failed: ReadProcessMemory veya WriteProcessMemory isteðinin sadece bir parçasý tamamlandý. (0x12B)
[1216/032701.563:ERROR:process_memory_win.cc(73)] ReadMemory at 0x1f78b2564a0 of 62 bytes failed: ReadProcessMemory veya WriteProcessMemory isteðinin sadece bir parçasý tamamlandý. (0x12B)
[1216/032701.563:ERROR:process_memory_win.cc(73)] ReadMemory at 0x1f78b2564f0 of 62 bytes failed: ReadProcessMemory veya WriteProcessMemory isteðinin sadece bir parçasý tamamlandý. (0x12B)
[1216/032701.563:ERROR:process_memory_win.cc(73)] ReadMemory at 0x1f78b256540 of 62 bytes failed: ReadProcessMemory veya WriteProcessMemory isteðinin sadece bir parçasý tamamlandý. (0x12B)
[1216/032701.563:ERROR:process_memory_win.cc(73)] ReadMemory at 0x1f78b256810 of 62 bytes failed: ReadProcessMemory veya WriteProcessMemory isteðinin sadece bir parçasý tamamlandý. (0x12B)
[1216/032701.564:ERROR:process_memory_win.cc(73)] ReadMemory at 0x1f78b256860 of 64 bytes failed: ReadProcessMemory veya WriteProcessMemory isteðinin sadece bir parçasý tamamlandý. (0x12B)
[1216/032701.564:ERROR:process_memory_win.cc(73)] ReadMemory at 0x1f78b256950 of 60 bytes failed: ReadProcessMemory veya WriteProcessMemory isteðinin sadece bir parçasý tamamlandý. (0x12B)
[1216/032701.564:ERROR:process_memory_win.cc(73)] ReadMemory at 0x1f78b2569f0 of 60 bytes failed: ReadProcessMemory veya WriteProcessMemory isteðinin sadece bir parçasý tamamlandý. (0x12B)
[1216/032701.564:ERROR:process_memory_win.cc(73)] ReadMemory at 0x1f78b256a40 of 66 bytes failed: ReadProcessMemory veya WriteProcessMemory isteðinin sadece bir parçasý tamamlandý. (0x12B)
[1216/032701.564:ERROR:process_memory_win.cc(73)] ReadMemory at 0x1f78b256b80 of 62 bytes failed: ReadProcessMemory veya WriteProcessMemory isteðinin sadece bir parçasý tamamlandý. (0x12B)
[1216/032701.564:ERROR:process_memory_win.cc(73)] ReadMemory at 0x1f78b256bd0 of 62 bytes failed: ReadProcessMemory veya WriteProcessMemory isteðinin sadece bir parçasý tamamlandý. (0x12B)
[1216/032701.564:ERROR:process_memory_win.cc(73)] ReadMemory at 0x1f78b256c20 of 64 bytes failed: ReadProcessMemory veya WriteProcessMemory isteðinin sadece bir parçasý tamamlandý. (0x12B)
[1216/032701.564:ERROR:process_memory_win.cc(73)] ReadMemory at 0x1f78b256c70 of 64 bytes failed: ReadProcessMemory veya WriteProcessMemory isteðinin sadece bir parçasý tamamlandý. (0x12B)
[1216/032701.564:ERROR:process_memory_win.cc(73)] ReadMemory at 0x1f78b256d10 of 64 bytes failed: ReadProcessMemory veya WriteProcessMemory isteðinin sadece bir parçasý tamamlandý. (0x12B)
[1216/032701.564:ERROR:process_memory_win.cc(73)] ReadMemory at 0x1f78b256db0 of 58 bytes failed: ReadProcessMemory veya WriteProcessMemory isteðinin sadece bir parçasý tamamlandý. (0x12B)
[1216/032701.564:ERROR:process_memory_win.cc(73)] ReadMemory at 0x1f78b256e00 of 62 bytes failed: ReadProcessMemory veya WriteProcessMemory isteðinin sadece bir parçasý tamamlandý. (0x12B)
[1216/032701.564:ERROR:process_memory_win.cc(73)] ReadMemory at 0x1f78b256f90 of 60 bytes failed: ReadProcessMemory veya WriteProcessMemory isteðinin sadece bir parçasý tamamlandý. (0x12B)
[1216/032701.564:ERROR:process_memory_win.cc(73)] ReadMemory at 0x1f78b257030 of 62 bytes failed: ReadProcessMemory veya WriteProcessMemory isteðinin sadece bir parçasý tamamlandý. (0x12B)
[1216/032701.564:ERROR:process_memory_win.cc(73)] ReadMemory at 0x1f78b258580 of 132 bytes failed: ReadProcessMemory veya WriteProcessMemory isteðinin sadece bir parçasý tamamlandý. (0x12B)
[1216/032701.564:ERROR:process_memory_win.cc(73)] ReadMemory at 0x1f78b2586b0 of 132 bytes failed: ReadProcessMemory veya WriteProcessMemory isteðinin sadece bir parçasý tamamlandý. (0x12B)
[1216/032701.564:ERROR:process_memory_win.cc(73)] ReadMemory at 0x1f78b2587e0 of 132 bytes failed: ReadProcessMemory veya WriteProcessMemory isteðinin sadece bir parçasý tamamlandý. (0x12B)
[1216/032701.564:ERROR:process_memory_win.cc(73)] ReadMemory at 0x1f78b258910 of 132 bytes failed: ReadProcessMemory veya WriteProcessMemory isteðinin sadece bir parçasý tamamlandý. (0x12B)
[1216/032701.564:ERROR:process_memory_win.cc(73)] ReadMemory at 0x1f78b258dd0 of 132 bytes failed: ReadProcessMemory veya WriteProcessMemory isteðinin sadece bir parçasý tamamlandý. (0x12B)
[1216/032701.565:ERROR:process_memory_win.cc(73)] ReadMemory at 0x1f78b258f00 of 132 bytes failed: ReadProcessMemory veya WriteProcessMemory isteðinin sadece bir parçasý tamamlandý. (0x12B)
[1216/032701.565:ERROR:process_memory_win.cc(73)] ReadMemory at 0x1f78b259030 of 132 bytes failed: ReadProcessMemory veya WriteProcessMemory isteðinin sadece bir parçasý tamamlandý. (0x12B)
[1216/032701.565:ERROR:process_memory_win.cc(73)] ReadMemory at 0x1f78b259160 of 132 bytes failed: ReadProcessMemory veya WriteProcessMemory isteðinin sadece bir parçasý tamamlandý. (0x12B)
[1216/032701.565:ERROR:process_memory_win.cc(73)] ReadMemory at 0x1f78b259290 of 132 bytes failed: ReadProcessMemory veya WriteProcessMemory isteðinin sadece bir parçasý tamamlandý. (0x12B)
[1216/032701.565:ERROR:process_memory_win.cc(73)] ReadMemory at 0x1f78b2593c0 of 132 bytes failed: ReadProcessMemory veya WriteProcessMemory isteðinin sadece bir parçasý tamamlandý. (0x12B)
[1216/032701.565:ERROR:process_memory_win.cc(73)] ReadMemory at 0x1f78b2594f0 of 132 bytes failed: ReadProcessMemory veya WriteProcessMemory isteðinin sadece bir parçasý tamamlandý. (0x12B)
[1216/032701.565:ERROR:process_memory_win.cc(73)] ReadMemory at 0x1f78b259620 of 132 bytes failed: ReadProcessMemory veya WriteProcessMemory isteðinin sadece bir parçasý tamamlandý. (0x12B)
[1216/032701.565:ERROR:process_memory_win.cc(73)] ReadMemory at 0x1f78b259750 of 132 bytes failed: ReadProcessMemory veya WriteProcessMemory isteðinin sadece bir parçasý tamamlandý. (0x12B)
[1216/032701.565:ERROR:process_memory_win.cc(73)] ReadMemory at 0x1f78b259ae0 of 132 bytes failed: ReadProcessMemory veya WriteProcessMemory isteðinin sadece bir parçasý tamamlandý. (0x12B)
[1216/032701.565:ERROR:process_memory_win.cc(73)] ReadMemory at 0x1f78b259d40 of 132 bytes failed: ReadProcessMemory veya WriteProcessMemory isteðinin sadece bir parçasý tamamlandý. (0x12B)
[1216/032701.565:ERROR:process_memory_win.cc(73)] ReadMemory at 0x1f78b259e70 of 132 bytes failed: ReadProcessMemory veya WriteProcessMemory isteðinin sadece bir parçasý tamamlandý. (0x12B)
[1216/032701.565:ERROR:process_memory_win.cc(73)] ReadMemory at 0x1f78b259fa0 of 132 bytes failed: ReadProcessMemory veya WriteProcessMemory isteðinin sadece bir parçasý tamamlandý. (0x12B)
[1216/032701.565:ERROR:process_memory_win.cc(73)] ReadMemory at 0x1f78b25a0d0 of 132 bytes failed: ReadProcessMemory veya WriteProcessMemory isteðinin sadece bir parçasý tamamlandý. (0x12B)
[1216/032701.565:ERROR:process_memory_win.cc(73)] ReadMemory at 0x1f78b25a200 of 132 bytes failed: ReadProcessMemory veya WriteProcessMemory isteðinin sadece bir parçasý tamamlandý. (0x12B)
[1216/032701.565:ERROR:process_memory_win.cc(73)] ReadMemory at 0x1f78b25a330 of 132 bytes failed: ReadProcessMemory veya WriteProcessMemory isteðinin sadece bir parçasý tamamlandý. (0x12B)
[1216/032701.565:ERROR:process_memory_win.cc(73)] ReadMemory at 0x1f78b26a080 of 62 bytes failed: ReadProcessMemory veya WriteProcessMemory isteðinin sadece bir parçasý tamamlandý. (0x12B)
[1216/032701.565:ERROR:process_memory_win.cc(73)] ReadMemory at 0x1f78b26a5d0 of 62 bytes failed: ReadProcessMemory veya WriteProcessMemory isteðinin sadece bir parçasý tamamlandý. (0x12B)
[1216/032701.565:ERROR:process_memory_win.cc(73)] ReadMemory at 0x1f78b26a620 of 58 bytes failed: ReadProcessMemory veya WriteProcessMemory isteðinin sadece bir parçasý tamamlandý. (0x12B)
[1216/032701.565:ERROR:process_memory_win.cc(73)] ReadMemory at 0x1f78b26a670 of 58 bytes failed: ReadProcessMemory veya WriteProcessMemory isteðinin sadece bir parçasý tamamlandý. (0x12B)
[1216/032701.565:ERROR:process_memory_win.cc(73)] ReadMemory at 0x1f78b26a800 of 60 bytes failed: ReadProcessMemory veya WriteProcessMemory isteðinin sadece bir parçasý tamamlandý. (0x12B)
[1216/032701.565:ERROR:process_memory_win.cc(73)] ReadMemory at 0x1f78b26a990 of 60 bytes failed: ReadProcessMemory veya WriteProcessMemory isteðinin sadece bir parçasý tamamlandý. (0x12B)
[1216/032701.565:ERROR:process_memory_win.cc(73)] ReadMemory at 0x1f78b26a9e0 of 66 bytes failed: ReadProcessMemory veya WriteProcessMemory isteðinin sadece bir parçasý tamamlandý. (0x12B)
[1216/032701.566:ERROR:process_memory_win.cc(73)] ReadMemory at 0x1f78b2742e0 of 512 bytes failed: ReadProcessMemory veya WriteProcessMemory isteðinin sadece bir parçasý tamamlandý. (0x12B)
[1216/032701.566:ERROR:process_memory_win.cc(73)] ReadMemory at 0x1f78b274ff0 of 512 bytes failed: ReadProcessMemory veya WriteProcessMemory isteðinin sadece bir parçasý tamamlandý. (0x12B)
[1216/032701.566:ERROR:process_memory_win.cc(73)] ReadMemory at 0x1f78b572cc0 of 512 bytes failed: ReadProcessMemory veya WriteProcessMemory isteðinin sadece bir parçasý tamamlandý. (0x12B)
[1216/032701.566:ERROR:process_memory_win.cc(73)] ReadMemory at 0x1f78b57b2a0 of 896 bytes failed: ReadProcessMemory veya WriteProcessMemory isteðinin sadece bir parçasý tamamlandý. (0x12B)
[1216/032701.566:ERROR:process_memory_win.cc(73)] ReadMemory at 0x1f78b57bf60 of 512 bytes failed: ReadProcessMemory veya WriteProcessMemory isteðinin sadece bir parçasý tamamlandý. (0x12B)
[1216/032701.566:ERROR:process_memory_win.cc(73)] ReadMemory at 0x1f78b57cce0 of 536 bytes failed: ReadProcessMemory veya WriteProcessMemory isteðinin sadece bir parçasý tamamlandý. (0x12B)
[1216/032701.566:ERROR:process_memory_win.cc(73)] ReadMemory at 0x1f78b58f210 of 512 bytes failed: ReadProcessMemory veya WriteProcessMemory isteðinin sadece bir parçasý tamamlandý. (0x12B)
[1216/032701.566:ERROR:process_memory_win.cc(73)] ReadMemory at 0x1f78b594f90 of 512 bytes failed: ReadProcessMemory veya WriteProcessMemory isteðinin sadece bir parçasý tamamlandý. (0x12B)
[1216/032701.566:ERROR:process_memory_win.cc(73)] ReadMemory at 0x1f78b5a2948 of 512 bytes failed: ReadProcessMemory veya WriteProcessMemory isteðinin sadece bir parçasý tamamlandý. (0x12B)
[1216/032701.566:ERROR:process_memory_win.cc(73)] ReadMemory at 0x1f78b5aed38 of 512 bytes failed: ReadProcessMemory veya WriteProcessMemory isteðinin sadece bir parçasý tamamlandý. (0x12B)
[1216/032701.566:ERROR:process_memory_win.cc(73)] ReadMemory at 0x1f78b5b3800 of 712 bytes failed: ReadProcessMemory veya WriteProcessMemory isteðinin sadece bir parçasý tamamlandý. (0x12B)
[1216/032701.566:ERROR:process_memory_win.cc(73)] ReadMemory at 0x1f78b61fdd0 of 512 bytes failed: ReadProcessMemory veya WriteProcessMemory isteðinin sadece bir parçasý tamamlandý. (0x12B)
[1216/032701.566:ERROR:process_memory_win.cc(73)] ReadMemory at 0x1f78d6dada8 of 512 bytes failed: ReadProcessMemory veya WriteProcessMemory isteðinin sadece bir parçasý tamamlandý. (0x12B)
[1216/032701.566:ERROR:process_memory_win.cc(73)] ReadMemory at 0x1f78d6db618 of 512 bytes failed: ReadProcessMemory veya WriteProcessMemory isteðinin sadece bir parçasý tamamlandý. (0x12B)
[1216/032701.566:ERROR:process_memory_win.cc(73)] ReadMemory at 0x1f78d6dbbb8 of 512 bytes failed: ReadProcessMemory veya WriteProcessMemory isteðinin sadece bir parçasý tamamlandý. (0x12B)
[1216/032701.566:ERROR:process_memory_win.cc(73)] ReadMemory at 0x1f78d6e0af0 of 512 bytes failed: ReadProcessMemory veya WriteProcessMemory isteðinin sadece bir parçasý tamamlandý. (0x12B)
[1216/032701.566:ERROR:process_memory_win.cc(73)] ReadMemory at 0x1f78d79e0d0 of 512 bytes failed: ReadProcessMemory veya WriteProcessMemory isteðinin sadece bir parçasý tamamlandý. (0x12B)
[1216/032701.566:ERROR:process_memory_win.cc(73)] ReadMemory at 0x1f78d822b80 of 512 bytes failed: ReadProcessMemory veya WriteProcessMemory isteðinin sadece bir parçasý tamamlandý. (0x12B)
[1216/032701.566:ERROR:process_memory_win.cc(73)] ReadMemory at 0x1f78d891c40 of 512 bytes failed: ReadProcessMemory veya WriteProcessMemory isteðinin sadece bir parçasý tamamlandý. (0x12B)
[1216/032701.567:ERROR:process_memory_win.cc(73)] ReadMemory at 0x1f78e8cb0d8 of 512 bytes failed: ReadProcessMemory veya WriteProcessMemory isteðinin sadece bir parçasý tamamlandý. (0x12B)
[1216/032701.567:ERROR:process_memory_win.cc(73)] ReadMemory at 0x1f78e9a8100 of 512 bytes failed: ReadProcessMemory veya WriteProcessMemory isteðinin sadece bir parçasý tamamlandý. (0x12B)
[1216/032701.567:ERROR:process_memory_win.cc(73)] ReadMemory at 0x1f78eb8d320 of 512 bytes failed: ReadProcessMemory veya WriteProcessMemory isteðinin sadece bir parçasý tamamlandý. (0x12B)
[1216/032701.567:ERROR:process_memory_win.cc(73)] ReadMemory at 0x1f78f5c8330 of 520 bytes failed: ReadProcessMemory veya WriteProcessMemory isteðinin sadece bir parçasý tamamlandý. (0x12B)
[1216/032701.567:ERROR:process_memory_win.cc(73)] ReadMemory at 0x104e96ad2ea8 of 512 bytes failed: ReadProcessMemory veya WriteProcessMemory isteðinin sadece bir parçasý tamamlandý. (0x12B)
[1216/032701.567:ERROR:process_memory_win.cc(73)] ReadMemory at 0x7ffc9cb58665 of 512 bytes failed: ReadProcessMemory veya WriteProcessMemory isteðinin sadece bir parçasý tamamlandý. (0x12B)
[1216/032701.567:ERROR:process_memory_win.cc(73)] ReadMemory at 0x7ffc9d1f9b70 of 512 bytes failed: ReadProcessMemory veya WriteProcessMemory isteðinin sadece bir parçasý tamamlandý. (0x12B)
[1216/032701.567:ERROR:process_memory_win.cc(73)] ReadMemory at 0x7ffc9da56fb0 of 512 bytes failed: ReadProcessMemory veya WriteProcessMemory isteðinin sadece bir parçasý tamamlandý. (0x12B)
[1216/032701.567:ERROR:process_memory_win.cc(73)] ReadMemory at 0x7ffc9ff96682 of 512 bytes failed: ReadProcessMemory veya WriteProcessMemory isteðinin sadece bir parçasý tamamlandý. (0x12B)
[1216/032701.567:ERROR:process_memory_win.cc(73)] ReadMemory at 0x7ffca1c98c58 of 512 bytes failed: ReadProcessMemory veya WriteProcessMemory isteðinin sadece bir parçasý tamamlandý. (0x12B)
[1216/032701.567:ERROR:process_memory_win.cc(73)] ReadMemory at 0x7ffd0415ccd0 of 512 bytes failed: ReadProcessMemory veya WriteProcessMemory isteðinin sadece bir parçasý tamamlandý. (0x12B)
[1216/032701.567:ERROR:process_memory_win.cc(73)] ReadMemory at 0x7ffd0d32a7b9 of 512 bytes failed: ReadProcessMemory veya WriteProcessMemory isteðinin sadece bir parçasý tamamlandý. (0x12B)
[1216/032701.567:ERROR:process_memory_win.cc(73)] ReadMemory at 0x7ffd0d55b6d0 of 512 bytes failed: ReadProcessMemory veya WriteProcessMemory isteðinin sadece bir parçasý tamamlandý. (0x12B)
[1216/032701.567:ERROR:process_memory_win.cc(73)] ReadMemory at 0x7ffd100dc0c4 of 672 bytes failed: ReadProcessMemory veya WriteProcessMemory isteðinin sadece bir parçasý tamamlandý. (0x12B)
[1216/032701.567:ERROR:process_memory_win.cc(73)] ReadMemory at 0x7ffd100dc6c4 of 512 bytes failed: ReadProcessMemory veya WriteProcessMemory isteðinin sadece bir parçasý tamamlandý. (0x12B)
[1216/032701.567:ERROR:process_memory_win.cc(73)] ReadMemory at 0x7ffd100df974 of 608 bytes failed: ReadProcessMemory veya WriteProcessMemory isteðinin sadece bir parçasý tamamlandý. (0x12B)
[1216/032701.567:ERROR:process_memory_win.cc(73)] ReadMemory at 0x7ffd1016c428 of 18 bytes failed: ReadProcessMemory veya WriteProcessMemory isteðinin sadece bir parçasý tamamlandý. (0x12B)
[1216/032701.567:ERROR:process_memory_win.cc(73)] ReadMemory at 0x7ffd1019f4f8 of 40 bytes failed: ReadProcessMemory veya WriteProcessMemory isteðinin sadece bir parçasý tamamlandý. (0x12B)
[1216/032701.567:ERROR:process_memory_win.cc(73)] ReadMemory at 0x7ffd1019f978 of 48 bytes failed: ReadProcessMemory veya WriteProcessMemory isteðinin sadece bir parçasý tamamlandý. (0x12B)
[1216/032701.567:ERROR:process_memory_win.cc(73)] ReadMemory at 0x7ffd101a53c0 of 64 bytes failed: ReadProcessMemory veya WriteProcessMemory isteðinin sadece bir parçasý tamamlandý. (0x12B)
[1216/032701.569:ERROR:scoped_process_suspend.cc(40)] NtResumeProcess: Sona ermekte olan bir iþleme eriþmeye çalýþýldý. (0xc000010a)
[1216/034806.256:ERROR:process_reader_win.cc(151)] SuspendThread: Eriþim engellendi. (0x5)
[1216/034806.257:ERROR:exception_snapshot_win.cc(98)] thread ID 16968 not found in process
[1216/041542.592:ERROR:process_info.cc(329)] VirtualQueryEx: Eriþim engellendi. (0x5)
[1216/041542.593:ERROR:process_info.cc(556)] ReadMemoryInfo failed
[1216/041542.593:ERROR:scoped_process_suspend.cc(40)] NtResumeProcess: Sona ermekte olan bir iþleme eriþmeye çalýþýldý. (0xc000010a)
